\BOOKMARK [1][-]{section.1}{\376\377\000I\000n\000t\000r\000o\000d\000u\000c\000t\000i\000o\000n}{}% 1
\BOOKMARK [1][-]{section.2}{\376\377\000R\000e\000g\000l\000e\000\040\000d\000u\000\040\000j\000e\000u\000\040\000d\000e\000\040\000d\000a\000m\000e\000\040\000r\000e\000g\000l\000e\000J\000e\000u\000D\000a\000m\000e}{}% 2
\BOOKMARK [1][-]{section.3}{\376\377\000D\000e\000s\000c\000r\000i\000p\000t\000i\000o\000n\000\040\000g\000\351\000n\000\351\000r\000a\000l\000e\000\040\000d\000e\000\040\000l\000'\000a\000p\000p\000l\000i\000c\000a\000t\000i\000o\000n}{}% 3
\BOOKMARK [2][-]{subsection.3.1}{\376\377\000U\000n\000\040\000m\000o\000d\000e\000\040\000m\000u\000l\000t\000i\000j\000o\000u\000e\000u\000r\000:}{section.3}% 4
\BOOKMARK [2][-]{subsection.3.2}{\376\377\000U\000n\000\040\000m\000o\000d\000e\000\040\000j\000o\000u\000e\000u\000r\000\040\000c\000o\000n\000t\000r\000e\000\040\000u\000n\000e\000\040\000I\000n\000t\000e\000l\000i\000g\000e\000n\000c\000e\000\040\000A\000r\000t\000i\000f\000i\000c\000i\000e\000l\000l\000e}{section.3}% 5
\BOOKMARK [2][-]{subsection.3.3}{\376\377\000P\000a\000r\000a\000m\000\350\000t\000r\000e\000s}{section.3}% 6
\BOOKMARK [2][-]{subsection.3.4}{\376\377\000O\000p\000t\000i\000o\000n\000\040\000r\000e\000t\000o\000u\000r\000\040\000e\000n\000\040\000a\000r\000r\000i\000\350\000r\000e\000\040\000e\000t\000\040\000O\000p\000t\000i\000o\000n\000\040\000r\000e\000s\000t\000a\000r\000t\000\040\000G\000a\000m\000e}{section.3}% 7
\BOOKMARK [2][-]{subsection.3.5}{\376\377\000A\000p\000p\000l\000i\000c\000a\000t\000i\000o\000n\000\040\000b\000i\000l\000i\000n\000g\000u\000e\000\040\000e\000t\000\040\000r\000e\000s\000p\000o\000n\000s\000i\000v\000e}{section.3}% 8
\BOOKMARK [1][-]{section.4}{\376\377\000A\000r\000c\000h\000i\000t\000e\000c\000t\000u\000r\000e\000\040\000d\000u\000\040\000c\000o\000d\000e}{}% 9
\BOOKMARK [2][-]{subsection.4.1}{\376\377\000A\000n\000d\000r\000o\000i\000d}{section.4}% 10
\BOOKMARK [3][-]{subsubsection.4.1.1}{\376\377\000E\000t\000a\000t\000C\000a\000s\000e\000\040\000\050\000M\000o\000d\000e\000l\000\051}{subsection.4.1}% 11
\BOOKMARK [3][-]{subsubsection.4.1.2}{\376\377\000D\000a\000m\000i\000e\000r\000\040\000\050\000V\000u\000e\000\051}{subsection.4.1}% 12
\BOOKMARK [3][-]{subsubsection.4.1.3}{\376\377\000P\000a\000r\000t\000i\000e\000\040\000\050\000C\000o\000n\000t\000r\000o\000l\000l\000e\000u\000r\000\051}{subsection.4.1}% 13
\BOOKMARK [3][-]{subsubsection.4.1.4}{\376\377\000S\000e\000t\000t\000i\000n\000g}{subsection.4.1}% 14
\BOOKMARK [3][-]{subsubsection.4.1.5}{\376\377\000I\000A}{subsection.4.1}% 15
\BOOKMARK [3][-]{subsubsection.4.1.6}{\376\377\000E\000x\000t\000r\000a\000i\000t\000\040\000d\000e\000\040\000c\000o\000d\000e\000\040\000d\000e\000\040\000l\000a\000\040\000f\000o\000n\000c\000t\000i\000o\000n\000\040\000m\000i\000n\000M\000a\000x}{subsection.4.1}% 16
\BOOKMARK [3][-]{subsubsection.4.1.7}{\376\377\000E\000x\000t\000r\000a\000i\000t\000\040\000d\000e\000\040\000c\000o\000d\000e\000\040\000d\000e\000\040\000g\000\351\000n\000\351\000r\000a\000t\000i\000o\000n\000\040\000d\000e\000\040\000l\000'\000a\000r\000b\000r\000e\000\040\000d\000e\000s\000\040\000p\000o\000s\000s\000i\000b\000l\000e\000s}{subsection.4.1}% 17
\BOOKMARK [2][-]{subsection.4.2}{\376\377\000i\000O\000S}{section.4}% 18
\BOOKMARK [1][-]{section.5}{\376\377\000Q\000u\000e\000l\000q\000u\000e\000s\000\040\000p\000o\000i\000n\000t\000s\000\040\000d\000\351\000l\000i\000c\000a\000t\000s\000/\000i\000n\000t\000\351\000r\000e\000s\000s\000a\000n\000t\000s}{}% 19
\BOOKMARK [2][-]{subsection.5.1}{\376\377\000P\000o\000i\000n\000t\000s\000\040\000I\000n\000t\000\351\000r\000e\000s\000s\000a\000n\000t\000s}{section.5}% 20
\BOOKMARK [2][-]{subsection.5.2}{\376\377\000P\000o\000i\000n\000t\000\040\000d\000\351\000l\000i\000c\000a\000t}{section.5}% 21
\BOOKMARK [1][-]{section.6}{\376\377\000C\000o\000n\000c\000l\000u\000s\000i\000o\000n}{}% 22
